<?xml version="1.0" encoding="UTF-8"?>
<!-- Generated by org.testng.reporters.JUnitReportReporter -->
<testsuite hostname="Katie" name="com.page.XcelWork" tests="1" failures="0" timestamp="9 Apr 2016 18:50:27 GMT" time="39.509" errors="0">
  <testcase name="LogIn" time="39.509" classname="com.page.XcelWork"/>
</testsuite> <!-- com.page.XcelWork -->
