<?xml version="1.0" encoding="UTF-8"?>
<!-- Generated by org.testng.reporters.JUnitReportReporter -->
<testsuite hostname="Katie" name="com.page.RunTest" tests="1" failures="0" timestamp="4 Apr 2016 01:40:05 GMT" time="30.603" errors="0">
  <testcase name="AccountVerify" time="30.603" classname="com.page.RunTest"/>
</testsuite> <!-- com.page.RunTest -->
