<?xml version="1.0" encoding="UTF-8"?>
<!-- Generated by org.testng.reporters.JUnitReportReporter -->
<testsuite hostname="Katie" name="com.page.NewTest" tests="1" failures="0" timestamp="4 Apr 2016 02:31:05 GMT" time="0.012" errors="0">
  <testcase name="f" time="0.012" classname="com.page.NewTest"/>
</testsuite> <!-- com.page.NewTest -->
